<?xml version="1.0" encoding="UTF-8"?>
<!-- Generated by org.testng.reporters.JUnitReportReporter -->
<testsuite hostname="Unknown-" failures="0" tests="2" name="testcases.TestOfLoginPage" time="33.290" errors="0" timestamp="2023-03-19T19:29:37 EDT" skipped="0">
  <testcase classname="testcases.TestOfLoginPage" name="checkLoginPageTitle" time="15.151"/>
  <system-out/>
  <testcase classname="testcases.TestOfLoginPage" name="loginToFreeCrm" time="18.139"/>
  <system-out/>
</testsuite> <!-- testcases.TestOfLoginPage -->
