<?xml version="1.0" encoding="UTF-8"?>
<!-- Generated by org.testng.reporters.JUnitReportReporter -->
<testsuite hostname="Unknown-" failures="0" tests="2" name="testcases.TestOfContactPage" time="27.779" errors="0" timestamp="2023-03-14T03:49:43 EDT" skipped="0">
  <testcase classname="testcases.TestOfContactPage" name="verifyContactLableDisplayed" time="12.983"/>
  <system-out/>
  <testcase classname="testcases.TestOfContactPage" name="verifyContactLink" time="14.796"/>
  <system-out/>
</testsuite> <!-- testcases.TestOfContactPage -->
