<?xml version="1.0" encoding="UTF-8"?>
<!-- Generated by org.testng.reporters.JUnitReportReporter -->
<testsuite hostname="Unknown-" failures="0" tests="3" name="testcases.TestOfHomePage" time="35.542" errors="0" timestamp="2023-03-14T03:49:43 EDT" skipped="0">
  <testcase classname="testcases.TestOfHomePage" name="verifyHomePageTitle" time="10.103"/>
  <system-out/>
  <testcase classname="testcases.TestOfHomePage" name="verifyHomePageImage" time="11.568"/>
  <system-out/>
  <testcase classname="testcases.TestOfHomePage" name="verifyHomePageUsername" time="13.871"/>
  <system-out/>
</testsuite> <!-- testcases.TestOfHomePage -->
