<?xml version="1.0" encoding="UTF-8"?>
<!-- Generated by org.testng.reporters.JUnitReportReporter -->
<testsuite hostname="Unknown-" failures="0" tests="4" name="testcases.TestOfAddContactPage" time="80.553" errors="0" timestamp="2023-03-14T03:49:43 EDT" skipped="0">
  <testcase classname="testcases.TestOfAddContactPage" name="createNewContact" time="24.490"/>
  <system-out/>
  <testcase classname="testcases.TestOfAddContactPage" name="createNewContact" time="20.891"/>
  <system-out/>
  <testcase classname="testcases.TestOfAddContactPage" name="verifyAddContactLable" time="14.869"/>
  <system-out/>
  <testcase classname="testcases.TestOfAddContactPage" name="createNewContact" time="20.303"/>
  <system-out/>
</testsuite> <!-- testcases.TestOfAddContactPage -->
